Using pre-set license
Built from '2021.3/staging' branch; Version is '2021.3.14f1 (eee1884e7226) revision 15655304'; Using compiler version '192829333'; Build Type 'Release'
OS: 'Windows 10  (10.0.19044) 64bit Professional' Language: 'en' Physical Memory: 8072 MB
BatchMode: 1, IsHumanControllingUs: 0, StartBugReporterOnCrash: 0, Is64bit: 1, IsPro: 1

COMMAND LINE ARGUMENTS:
C:\Program Files\Unity\Hub\Editor\2021.3.14f1\Editor\Unity.exe
-adb2
-batchMode
-noUpm
-name
AssetImportWorker0
-projectPath
C:/Users/USER/Desktop/FruitNinja
-logFile
Logs/AssetImportWorker0.log
-srvPort
60024
Successfully changed project path to: C:/Users/USER/Desktop/FruitNinja
C:/Users/USER/Desktop/FruitNinja
[UnityMemory] Configuration Parameters - Can be set up in boot.config
    "memorysetup-bucket-allocator-granularity=16"
    "memorysetup-bucket-allocator-bucket-count=8"
    "memorysetup-bucket-allocator-block-size=33554432"
    "memorysetup-bucket-allocator-block-count=8"
    "memorysetup-main-allocator-block-size=16777216"
    "memorysetup-thread-allocator-block-size=16777216"
    "memorysetup-gfx-main-allocator-block-size=16777216"
    "memorysetup-gfx-thread-allocator-block-size=16777216"
    "memorysetup-cache-allocator-block-size=4194304"
    "memorysetup-typetree-allocator-block-size=2097152"
    "memorysetup-profiler-bucket-allocator-granularity=16"
    "memorysetup-profiler-bucket-allocator-bucket-count=8"
    "memorysetup-profiler-bucket-allocator-block-size=33554432"
    "memorysetup-profiler-bucket-allocator-block-count=8"
    "memorysetup-profiler-allocator-block-size=16777216"
    "memorysetup-profiler-editor-allocator-block-size=1048576"
    "memorysetup-temp-allocator-size-main=16777216"
    "memorysetup-job-temp-allocator-block-size=2097152"
    "memorysetup-job-temp-allocator-block-size-background=1048576"
    "memorysetup-job-temp-allocator-reduction-small-platforms=262144"
    "memorysetup-temp-allocator-size-background-worker=32768"
    "memorysetup-temp-allocator-size-job-worker=262144"
    "memorysetup-temp-allocator-size-preload-manager=33554432"
    "memorysetup-temp-allocator-size-nav-mesh-worker=65536"
    "memorysetup-temp-allocator-size-audio-worker=65536"
    "memorysetup-temp-allocator-size-cloud-worker=32768"
    "memorysetup-temp-allocator-size-gi-baking-worker=262144"
    "memorysetup-temp-allocator-size-gfx=262144"
Refreshing native plugins compatible for Editor in 114.27 ms, found 3 plugins.
Preloading 0 native plugins for Editor in 0.00 ms.
Initialize engine version: 2021.3.14f1 (eee1884e7226)
[Subsystems] Discovering subsystems at path C:/Program Files/Unity/Hub/Editor/2021.3.14f1/Editor/Data/Resources/UnitySubsystems
[Subsystems] Discovering subsystems at path C:/Users/USER/Desktop/FruitNinja/Assets
GfxDevice: creating device client; threaded=0; jobified=0
Direct3D:
    Version:  Direct3D 11.0 [level 11.1]
    Renderer: Intel(R) HD Graphics 520 (ID=0x1916)
    Vendor:   Intel
    VRAM:     4036 MB
    Driver:   27.20.100.8854
Initialize mono
Mono path[0] = 'C:/Program Files/Unity/Hub/Editor/2021.3.14f1/Editor/Data/Managed'
Mono path[1] = 'C:/Program Files/Unity/Hub/Editor/2021.3.14f1/Editor/Data/MonoBleedingEdge/lib/mono/unityjit-win32'
Mono config path = 'C:/Program Files/Unity/Hub/Editor/2021.3.14f1/Editor/Data/MonoBleedingEdge/etc'
Using monoOptions --debugger-agent=transport=dt_socket,embedding=1,server=y,suspend=n,address=127.0.0.1:56712
Begin MonoManager ReloadAssembly
Registering precompiled unity dll's ...
Register platform support module: C:/Program Files/Unity/Hub/Editor/2021.3.14f1/Editor/Data/PlaybackEngines/WebGLSupport/UnityEditor.WebGL.Extensions.dll
Register platform support module: C:/Program Files/Unity/Hub/Editor/2021.3.14f1/Editor/Data/PlaybackEngines/WindowsStandaloneSupport/UnityEditor.WindowsStandalone.Extensions.dll
Registered in 0.012692 seconds.
Native extension for WindowsStandalone target not found
Native extension for WebGL target not found
Refreshing native plugins compatible for Editor in 144.94 ms, found 3 plugins.
Preloading 0 native plugins for Editor in 0.00 ms.
Mono: successfully reloaded assembly
- Completed reload, in  1.095 seconds
Domain Reload Profiling:
	ReloadAssembly (1096ms)
		BeginReloadAssembly (142ms)
			ExecutionOrderSort (0ms)
			DisableScriptedObjects (0ms)
			BackupInstance (0ms)
			ReleaseScriptingObjects (0ms)
			CreateAndSetChildDomain (3ms)
		EndReloadAssembly (749ms)
			LoadAssemblies (136ms)
			RebuildTransferFunctionScriptingTraits (0ms)
			SetupTypeCache (175ms)
			ReleaseScriptCaches (0ms)
			RebuildScriptCaches (49ms)
			SetupLoadedEditorAssemblies (439ms)
				LogAssemblyErrors (0ms)
				InitializePlatformSupportModulesInManaged (16ms)
				SetLoadedEditorAssemblies (0ms)
				RefreshPlugins (145ms)
				BeforeProcessingInitializeOnLoad (3ms)
				ProcessInitializeOnLoadAttributes (196ms)
				ProcessInitializeOnLoadMethodAttributes (79ms)
				AfterProcessingInitializeOnLoad (0ms)
				EditorAssembliesLoaded (0ms)
			ExecutionOrderSort2 (0ms)
			AwakeInstancesAfterBackupRestoration (0ms)
Platform modules already initialized, skipping
Registering precompiled user dll's ...
Registered in 0.013933 seconds.
Begin MonoManager ReloadAssembly
Symbol file LoadedFromMemory doesn't match image C:\Users\USER\Desktop\FruitNinja\Library\PackageCache\com.unity.visualscripting@1.7.8\Editor\VisualScripting.Core\Dependencies\YamlDotNet\Unity.VisualScripting.YamlDotNet.dll
Symbol file LoadedFromMemory doesn't match image C:\Users\USER\Desktop\FruitNinja\Library\PackageCache\com.unity.visualscripting@1.7.8\Editor\VisualScripting.Core\Dependencies\DotNetZip\Unity.VisualScripting.IonicZip.dll
Native extension for WindowsStandalone target not found
Native extension for WebGL target not found
Refreshing native plugins compatible for Editor in 0.69 ms, found 3 plugins.
Preloading 0 native plugins for Editor in 0.00 ms.
Mono: successfully reloaded assembly
- Completed reload, in  1.462 seconds
Domain Reload Profiling:
	ReloadAssembly (1463ms)
		BeginReloadAssembly (168ms)
			ExecutionOrderSort (0ms)
			DisableScriptedObjects (8ms)
			BackupInstance (0ms)
			ReleaseScriptingObjects (0ms)
			CreateAndSetChildDomain (25ms)
		EndReloadAssembly (1126ms)
			LoadAssemblies (135ms)
			RebuildTransferFunctionScriptingTraits (0ms)
			SetupTypeCache (394ms)
			ReleaseScriptCaches (1ms)
			RebuildScriptCaches (69ms)
			SetupLoadedEditorAssemblies (492ms)
				LogAssemblyErrors (0ms)
				InitializePlatformSupportModulesInManaged (10ms)
				SetLoadedEditorAssemblies (1ms)
				RefreshPlugins (1ms)
				BeforeProcessingInitializeOnLoad (127ms)
				ProcessInitializeOnLoadAttributes (310ms)
				ProcessInitializeOnLoadMethodAttributes (32ms)
				AfterProcessingInitializeOnLoad (11ms)
				EditorAssembliesLoaded (0ms)
			ExecutionOrderSort2 (0ms)
			AwakeInstancesAfterBackupRestoration (12ms)
Platform modules already initialized, skipping
========================================================================
Worker process is ready to serve import requests
Launched and connected shader compiler UnityShaderCompiler.exe after 0.08 seconds
Refreshing native plugins compatible for Editor in 0.61 ms, found 3 plugins.
Preloading 0 native plugins for Editor in 0.00 ms.
Unloading 3351 Unused Serialized files (Serialized files now loaded: 0)
Unloading 27 unused Assets / (113.3 KB). Loaded Objects now: 3808.
Memory consumption went from 115.3 MB to 115.2 MB.
Total: 4.612900 ms (FindLiveObjects: 0.475200 ms CreateObjectMapping: 0.288100 ms MarkObjects: 3.728600 ms  DeleteObjects: 0.119800 ms)

AssetImportParameters requested are different than current active one (requested -> active):
  custom:video-decoder-ogg-theora: a1e56fd34408186e4bbccfd4996cb3dc -> 
  custom:container-muxer-webm: aa71ff27fc2769a1b78a27578f13a17b -> 
  custom:container-demuxer-webm: 4f35f7cbe854078d1ac9338744f61a02 -> 
  custom:video-encoder-webm-vp8: eb34c28f22e8b96e1ab97ce403110664 -> 
  custom:audio-encoder-webm-vorbis: bf7c407c2cedff20999df2af8eb42d56 -> 
  custom:framework-win-MediaFoundation: 216162199b28c13a410421893ffa2e32 -> 
  custom:container-demuxer-ogg: 62fdf1f143b41e24485cea50d1cbac27 -> 
  custom:video-decoder-webm-vp8: 9c59270c3fd7afecdb556c50c9e8de78 -> 
  custom:audio-decoder-ogg-vorbis: bf7c407c2cedff20999df2af8eb42d56 -> 
========================================================================
Received Import Request.
  Time since last request: 185028.279246 seconds.
  path: Assets/Textures/Wood.png
  artifactKey: Guid(7d2a0a038594acb44b0a5eb2ae5249b0) Importer(815301076,1909f56bfc062723c751e8b465ee728b)
Start importing Assets/Textures/Wood.png using Guid(7d2a0a038594acb44b0a5eb2ae5249b0) Importer(815301076,1909f56bfc062723c751e8b465ee728b)  -> (artifact id: '07e9da55db69bc2e3f3dd46e264c85f8') in 0.456955 seconds 
========================================================================
Received Import Request.
  Time since last request: 205.618708 seconds.
  path: Assets/Textures/Background.mat
  artifactKey: Guid(d313f4b78b6e7094b8fb3cb823b4ff05) Importer(815301076,1909f56bfc062723c751e8b465ee728b)
Start importing Assets/Textures/Background.mat using Guid(d313f4b78b6e7094b8fb3cb823b4ff05) Importer(815301076,1909f56bfc062723c751e8b465ee728b)  -> (artifact id: 'a2b886ce661b7bb9a60593326d38e42a') in 0.254191 seconds 
========================================================================
Received Import Request.
  Time since last request: 2085.152031 seconds.
  path: Assets
  artifactKey: Guid(00000000000000001000000000000000) Importer(815301076,1909f56bfc062723c751e8b465ee728b)
Start importing Assets using Guid(00000000000000001000000000000000) Importer(815301076,1909f56bfc062723c751e8b465ee728b)  -> (artifact id: '79842766b460edbeab6a34051e857a80') in 0.021675 seconds 
========================================================================
Received Import Request.
  Time since last request: 108.909486 seconds.
  path: Assets/Prefabs
  artifactKey: Guid(ef1a9d5efa836524a86ccbc29a9aebbd) Importer(815301076,1909f56bfc062723c751e8b465ee728b)
Start importing Assets/Prefabs using Guid(ef1a9d5efa836524a86ccbc29a9aebbd) Importer(815301076,1909f56bfc062723c751e8b465ee728b)  -> (artifact id: 'baba2eb6c7bc4802a7eca399a4765d1f') in 0.017108 seconds 
========================================================================
Received Import Request.
  Time since last request: 42.199934 seconds.
  path: Assets/Prefabs/Fruit.prefab
  artifactKey: Guid(eed1c0f0daeeb1947aa80632e6f6881f) Importer(815301076,1909f56bfc062723c751e8b465ee728b)
Start importing Assets/Prefabs/Fruit.prefab using Guid(eed1c0f0daeeb1947aa80632e6f6881f) Importer(815301076,1909f56bfc062723c751e8b465ee728b)  -> (artifact id: 'db07fd1836a77c87eab8aa06a6258329') in 0.243148 seconds 
========================================================================
Received Import Request.
  Time since last request: 7.985402 seconds.
  path: Assets/Prefabs/FruitBase.prefab
  artifactKey: Guid(eed1c0f0daeeb1947aa80632e6f6881f) Importer(815301076,1909f56bfc062723c751e8b465ee728b)
Start importing Assets/Prefabs/FruitBase.prefab using Guid(eed1c0f0daeeb1947aa80632e6f6881f) Importer(815301076,1909f56bfc062723c751e8b465ee728b)  -> (artifact id: 'e591c78468b4fcaf2d39457d90d724b0') in 0.025403 seconds 
========================================================================
Received Import Request.
  Time since last request: 164.624321 seconds.
  path: Assets/Prefabs/FruitBase Variant.prefab
  artifactKey: Guid(0ce11ae04baf85f4e8f297e6f2b54073) Importer(815301076,1909f56bfc062723c751e8b465ee728b)
Start importing Assets/Prefabs/FruitBase Variant.prefab using Guid(0ce11ae04baf85f4e8f297e6f2b54073) Importer(815301076,1909f56bfc062723c751e8b465ee728b)  -> (artifact id: 'c34b4b44d105e5d22aebc2dc1a7a2a19') in 0.032205 seconds 
========================================================================
Received Import Request.
  Time since last request: 12.072396 seconds.
  path: Assets/Prefabs/Watermelon.prefab
  artifactKey: Guid(0ce11ae04baf85f4e8f297e6f2b54073) Importer(815301076,1909f56bfc062723c751e8b465ee728b)
Start importing Assets/Prefabs/Watermelon.prefab using Guid(0ce11ae04baf85f4e8f297e6f2b54073) Importer(815301076,1909f56bfc062723c751e8b465ee728b)  -> (artifact id: '860792669ffb8edb7b907f75168890bc') in 0.029208 seconds 
========================================================================
Received Import Request.
  Time since last request: 63.659424 seconds.
  path: Assets/Materials
  artifactKey: Guid(41c753744222e2a4aa1a93265314486c) Importer(815301076,1909f56bfc062723c751e8b465ee728b)
Start importing Assets/Materials using Guid(41c753744222e2a4aa1a93265314486c) Importer(815301076,1909f56bfc062723c751e8b465ee728b)  -> (artifact id: '5c5fc34b66438643be9a3f4ba131dfa7') in 0.011598 seconds 
========================================================================
Received Import Request.
  Time since last request: 50.916894 seconds.
  path: Assets/Materials/Watermelon_Inside.mat
  artifactKey: Guid(c7d5b1e9559d0f04d8a10f71ee77f768) Importer(815301076,1909f56bfc062723c751e8b465ee728b)
Start importing Assets/Materials/Watermelon_Inside.mat using Guid(c7d5b1e9559d0f04d8a10f71ee77f768) Importer(815301076,1909f56bfc062723c751e8b465ee728b)  -> (artifact id: '56445cb51ee7766afb91e6d8c33b2f14') in 0.037150 seconds 
========================================================================
Received Import Request.
  Time since last request: 15.981314 seconds.
  path: Assets/Materials/Watermelon_Outside.mat
  artifactKey: Guid(52a0c5714afc4234f997ebf4a2344655) Importer(815301076,1909f56bfc062723c751e8b465ee728b)
Start importing Assets/Materials/Watermelon_Outside.mat using Guid(52a0c5714afc4234f997ebf4a2344655) Importer(815301076,1909f56bfc062723c751e8b465ee728b)  -> (artifact id: 'f4f4b7c80fde9d2abd37e8be7f72be39') in 0.053125 seconds 
========================================================================
Received Import Request.
  Time since last request: 1449.193950 seconds.
  path: Assets/Prefabs/Watermelon.prefab
  artifactKey: Guid(0ce11ae04baf85f4e8f297e6f2b54073) Importer(815301076,1909f56bfc062723c751e8b465ee728b)
Start importing Assets/Prefabs/Watermelon.prefab using Guid(0ce11ae04baf85f4e8f297e6f2b54073) Importer(815301076,1909f56bfc062723c751e8b465ee728b)  -> (artifact id: '973b9ec2d9626721ff5e314c023ec8cb') in 0.028093 seconds 
========================================================================
Received Import Request.
  Time since last request: 141.864207 seconds.
  path: Assets/Prefabs/Watermelon 1.prefab
  artifactKey: Guid(479abc1a9d474524aa767b7ea76fc393) Importer(815301076,1909f56bfc062723c751e8b465ee728b)
Start importing Assets/Prefabs/Watermelon 1.prefab using Guid(479abc1a9d474524aa767b7ea76fc393) Importer(815301076,1909f56bfc062723c751e8b465ee728b)  -> (artifact id: '21c743a3773052417341426d8e6b55bf') in 0.034503 seconds 
========================================================================
Received Import Request.
  Time since last request: 0.000054 seconds.
  path: Assets/Prefabs/Watermelon.prefab
  artifactKey: Guid(0ce11ae04baf85f4e8f297e6f2b54073) Importer(815301076,1909f56bfc062723c751e8b465ee728b)
Start importing Assets/Prefabs/Watermelon.prefab using Guid(0ce11ae04baf85f4e8f297e6f2b54073) Importer(815301076,1909f56bfc062723c751e8b465ee728b)  -> (artifact id: '9b2e03093daea722c89e6c024570f590') in 0.033156 seconds 
========================================================================
Received Import Request.
  Time since last request: 6.142494 seconds.
  path: Assets/Prefabs/Watermelon 2.prefab
  artifactKey: Guid(5a4a4404a91ab8f4cb5f0d0862bebf34) Importer(815301076,1909f56bfc062723c751e8b465ee728b)
Start importing Assets/Prefabs/Watermelon 2.prefab using Guid(5a4a4404a91ab8f4cb5f0d0862bebf34) Importer(815301076,1909f56bfc062723c751e8b465ee728b)  -> (artifact id: '8c6dd7a097d44a1b4e48e0d6b860d0d9') in 0.020677 seconds 
========================================================================
Received Import Request.
  Time since last request: 1.505363 seconds.
  path: Assets/Prefabs/Watermelon 3.prefab
  artifactKey: Guid(75992d43525986647958a3c319223edf) Importer(815301076,1909f56bfc062723c751e8b465ee728b)
Start importing Assets/Prefabs/Watermelon 3.prefab using Guid(75992d43525986647958a3c319223edf) Importer(815301076,1909f56bfc062723c751e8b465ee728b)  -> (artifact id: 'cfc18f33f607cc45d65fba64d210451e') in 0.024412 seconds 
========================================================================
Received Import Request.
  Time since last request: 1.154786 seconds.
  path: Assets/Prefabs/Watermelon 4.prefab
  artifactKey: Guid(34acb929022f5fc4aa879fb91e3340dc) Importer(815301076,1909f56bfc062723c751e8b465ee728b)
Start importing Assets/Prefabs/Watermelon 4.prefab using Guid(34acb929022f5fc4aa879fb91e3340dc) Importer(815301076,1909f56bfc062723c751e8b465ee728b)  -> (artifact id: 'eaadab1e18be507c15afa66a031abdc4') in 0.035854 seconds 
========================================================================
Received Import Request.
  Time since last request: 8.890042 seconds.
  path: Assets/Prefabs/Apple.prefab
  artifactKey: Guid(479abc1a9d474524aa767b7ea76fc393) Importer(815301076,1909f56bfc062723c751e8b465ee728b)
Start importing Assets/Prefabs/Apple.prefab using Guid(479abc1a9d474524aa767b7ea76fc393) Importer(815301076,1909f56bfc062723c751e8b465ee728b)  -> (artifact id: '5d1c4132af42fbf65a10b410df2e21a6') in 0.025354 seconds 
========================================================================
Received Import Request.
  Time since last request: 6.796482 seconds.
  path: Assets/Prefabs/Kiwi.prefab
  artifactKey: Guid(5a4a4404a91ab8f4cb5f0d0862bebf34) Importer(815301076,1909f56bfc062723c751e8b465ee728b)
Start importing Assets/Prefabs/Kiwi.prefab using Guid(5a4a4404a91ab8f4cb5f0d0862bebf34) Importer(815301076,1909f56bfc062723c751e8b465ee728b)  -> (artifact id: 'c741edfcecc8666d12e8db345d80b3af') in 0.033342 seconds 
========================================================================
Received Import Request.
  Time since last request: 7.975023 seconds.
  path: Assets/Prefabs/Lemon.prefab
  artifactKey: Guid(75992d43525986647958a3c319223edf) Importer(815301076,1909f56bfc062723c751e8b465ee728b)
Start importing Assets/Prefabs/Lemon.prefab using Guid(75992d43525986647958a3c319223edf) Importer(815301076,1909f56bfc062723c751e8b465ee728b)  -> (artifact id: '6735b6aa870362c82a2bdfb4ad963718') in 0.027698 seconds 
========================================================================
Received Import Request.
  Time since last request: 15.846527 seconds.
  path: Assets/Prefabs/Orange.prefab
  artifactKey: Guid(34acb929022f5fc4aa879fb91e3340dc) Importer(815301076,1909f56bfc062723c751e8b465ee728b)
Start importing Assets/Prefabs/Orange.prefab using Guid(34acb929022f5fc4aa879fb91e3340dc) Importer(815301076,1909f56bfc062723c751e8b465ee728b)  -> (artifact id: '7e6e2ecfe23a48533fa1b01d2cbe4be8') in 0.034372 seconds 
========================================================================
Received Import Request.
  Time since last request: 244.083522 seconds.
  path: Assets/Materials/Background.mat
  artifactKey: Guid(d313f4b78b6e7094b8fb3cb823b4ff05) Importer(815301076,1909f56bfc062723c751e8b465ee728b)
Start importing Assets/Materials/Background.mat using Guid(d313f4b78b6e7094b8fb3cb823b4ff05) Importer(815301076,1909f56bfc062723c751e8b465ee728b)  -> (artifact id: 'd6e96b72eb135594f9b50da06d62cf8c') in 0.492649 seconds 
========================================================================
Received Import Request.
  Time since last request: 0.000031 seconds.
  path: Assets/Materials/Watermelon_Inside.mat
  artifactKey: Guid(c7d5b1e9559d0f04d8a10f71ee77f768) Importer(815301076,1909f56bfc062723c751e8b465ee728b)
Start importing Assets/Materials/Watermelon_Inside.mat using Guid(c7d5b1e9559d0f04d8a10f71ee77f768) Importer(815301076,1909f56bfc062723c751e8b465ee728b)  -> (artifact id: '6e612f69e41e2ffc282e93c8a9fd3a34') in 0.032603 seconds 
========================================================================
Received Import Request.
  Time since last request: 0.000410 seconds.
  path: Assets/Materials/Watermelon_Outside.mat
  artifactKey: Guid(52a0c5714afc4234f997ebf4a2344655) Importer(815301076,1909f56bfc062723c751e8b465ee728b)
Start importing Assets/Materials/Watermelon_Outside.mat using Guid(52a0c5714afc4234f997ebf4a2344655) Importer(815301076,1909f56bfc062723c751e8b465ee728b)  -> (artifact id: 'aa93f3d642143a4f3049b6d55cac8139') in 0.041411 seconds 
========================================================================
Received Import Request.
  Time since last request: 776.383186 seconds.
  path: Assets/Materials/Kiwi_Inside.mat
  artifactKey: Guid(ae94a287a47550b46896e2f9d4849ee9) Importer(815301076,1909f56bfc062723c751e8b465ee728b)
Start importing Assets/Materials/Kiwi_Inside.mat using Guid(ae94a287a47550b46896e2f9d4849ee9) Importer(815301076,1909f56bfc062723c751e8b465ee728b)  -> (artifact id: 'bd6f42e068ad63258e5915d685caae0f') in 0.068253 seconds 
========================================================================
Received Import Request.
  Time since last request: 0.000081 seconds.
  path: Assets/Materials/Lemon_Outside.mat
  artifactKey: Guid(aa9dbc19ee6cf8f4ba59bceafd325ade) Importer(815301076,1909f56bfc062723c751e8b465ee728b)
Start importing Assets/Materials/Lemon_Outside.mat using Guid(aa9dbc19ee6cf8f4ba59bceafd325ade) Importer(815301076,1909f56bfc062723c751e8b465ee728b)  -> (artifact id: '3c6669b260615412b7db380dca2e5839') in 0.059946 seconds 
========================================================================
Received Import Request.
  Time since last request: 0.000069 seconds.
  path: Assets/Materials/Kiwi_Outside.mat
  artifactKey: Guid(d3c4ea2feb84293408dd0c7a513b9115) Importer(815301076,1909f56bfc062723c751e8b465ee728b)
Start importing Assets/Materials/Kiwi_Outside.mat using Guid(d3c4ea2feb84293408dd0c7a513b9115) Importer(815301076,1909f56bfc062723c751e8b465ee728b)  -> (artifact id: '3b255337e6ddc4423b98b471a250bfc1') in 0.048922 seconds 
========================================================================
Received Import Request.
  Time since last request: 0.000261 seconds.
  path: Assets/Materials/Orange_Outside.mat
  artifactKey: Guid(4e01df7aa2ea7ef43bc1be17c71adf22) Importer(815301076,1909f56bfc062723c751e8b465ee728b)
Start importing Assets/Materials/Orange_Outside.mat using Guid(4e01df7aa2ea7ef43bc1be17c71adf22) Importer(815301076,1909f56bfc062723c751e8b465ee728b)  -> (artifact id: '86bf4dc8f5f0c61a76fd0237be884294') in 0.044486 seconds 
========================================================================
Received Import Request.
  Time since last request: 0.000060 seconds.
  path: Assets/Materials/Lemon_Inside.mat
  artifactKey: Guid(ac34d89a0c369b94c82a0185335d6ede) Importer(815301076,1909f56bfc062723c751e8b465ee728b)
Start importing Assets/Materials/Lemon_Inside.mat using Guid(ac34d89a0c369b94c82a0185335d6ede) Importer(815301076,1909f56bfc062723c751e8b465ee728b)  -> (artifact id: 'a69c248fbea364f38871a7ef85b1692e') in 0.048141 seconds 
========================================================================
Received Import Request.
  Time since last request: 0.000044 seconds.
  path: Assets/Materials/Orange_Inside.mat
  artifactKey: Guid(9caaf2194032ea243ab7cee8bcbfe8b7) Importer(815301076,1909f56bfc062723c751e8b465ee728b)
Start importing Assets/Materials/Orange_Inside.mat using Guid(9caaf2194032ea243ab7cee8bcbfe8b7) Importer(815301076,1909f56bfc062723c751e8b465ee728b)  -> (artifact id: '63a6148dfce47dc8c08897286a05e2c7') in 0.047256 seconds 
========================================================================
Received Import Request.
  Time since last request: 585.971865 seconds.
  path: Assets/Prefabs/Apple.prefab
  artifactKey: Guid(479abc1a9d474524aa767b7ea76fc393) Importer(815301076,1909f56bfc062723c751e8b465ee728b)
Start importing Assets/Prefabs/Apple.prefab using Guid(479abc1a9d474524aa767b7ea76fc393) Importer(815301076,1909f56bfc062723c751e8b465ee728b)  -> (artifact id: 'fbc9f4fe6699f982d6c64f8917084271') in 0.019908 seconds 
========================================================================
Received Import Request.
  Time since last request: 56.476053 seconds.
  path: Assets/Prefabs/Kiwi.prefab
  artifactKey: Guid(5a4a4404a91ab8f4cb5f0d0862bebf34) Importer(815301076,1909f56bfc062723c751e8b465ee728b)
Start importing Assets/Prefabs/Kiwi.prefab using Guid(5a4a4404a91ab8f4cb5f0d0862bebf34) Importer(815301076,1909f56bfc062723c751e8b465ee728b)  -> (artifact id: 'dc528bc764565c54fe265ae64cd2a0f2') in 0.018264 seconds 
========================================================================
Received Import Request.
  Time since last request: 48.321027 seconds.
  path: Assets/Prefabs/Lemon.prefab
  artifactKey: Guid(75992d43525986647958a3c319223edf) Importer(815301076,1909f56bfc062723c751e8b465ee728b)
Start importing Assets/Prefabs/Lemon.prefab using Guid(75992d43525986647958a3c319223edf) Importer(815301076,1909f56bfc062723c751e8b465ee728b)  -> (artifact id: '00db38559289574bc1c4101f4487cc99') in 0.022324 seconds 
========================================================================
Received Import Request.
  Time since last request: 40.863660 seconds.
  path: Assets/Prefabs/Orange.prefab
  artifactKey: Guid(34acb929022f5fc4aa879fb91e3340dc) Importer(815301076,1909f56bfc062723c751e8b465ee728b)
Start importing Assets/Prefabs/Orange.prefab using Guid(34acb929022f5fc4aa879fb91e3340dc) Importer(815301076,1909f56bfc062723c751e8b465ee728b)  -> (artifact id: '00acd718767515a7716cb17fb11d78c4') in 0.018932 seconds 
========================================================================
Received Import Request.
  Time since last request: 350.338439 seconds.
  path: Assets/Prefabs/Kiwi.prefab
  artifactKey: Guid(5a4a4404a91ab8f4cb5f0d0862bebf34) Importer(815301076,1909f56bfc062723c751e8b465ee728b)
Start importing Assets/Prefabs/Kiwi.prefab using Guid(5a4a4404a91ab8f4cb5f0d0862bebf34) Importer(815301076,1909f56bfc062723c751e8b465ee728b)  -> (artifact id: '3e85f89a8fa42de9d760a65f311c426f') in 0.043683 seconds 
========================================================================
Received Import Request.
  Time since last request: 6.796489 seconds.
  path: Assets/Prefabs/Kiwi.prefab
  artifactKey: Guid(5a4a4404a91ab8f4cb5f0d0862bebf34) Importer(815301076,1909f56bfc062723c751e8b465ee728b)
Start importing Assets/Prefabs/Kiwi.prefab using Guid(5a4a4404a91ab8f4cb5f0d0862bebf34) Importer(815301076,1909f56bfc062723c751e8b465ee728b)  -> (artifact id: 'f18bbc8e7b8ce1f688ef9a2e262083c5') in 0.098060 seconds 
========================================================================
Received Import Request.
  Time since last request: 6.853526 seconds.
  path: Assets/Prefabs/Kiwi.prefab
  artifactKey: Guid(5a4a4404a91ab8f4cb5f0d0862bebf34) Importer(815301076,1909f56bfc062723c751e8b465ee728b)
Start importing Assets/Prefabs/Kiwi.prefab using Guid(5a4a4404a91ab8f4cb5f0d0862bebf34) Importer(815301076,1909f56bfc062723c751e8b465ee728b)  -> (artifact id: '819de684f4fc9a1d9d30a2e327448982') in 0.026854 seconds 
========================================================================
Received Import Request.
  Time since last request: 20.649256 seconds.
  path: Assets/Prefabs/Watermelon.prefab
  artifactKey: Guid(0ce11ae04baf85f4e8f297e6f2b54073) Importer(815301076,1909f56bfc062723c751e8b465ee728b)
Start importing Assets/Prefabs/Watermelon.prefab using Guid(0ce11ae04baf85f4e8f297e6f2b54073) Importer(815301076,1909f56bfc062723c751e8b465ee728b)  -> (artifact id: '669aaa61cff2dbbdc61000c74e8be3c2') in 0.032052 seconds 
========================================================================
Received Import Request.
  Time since last request: 3.438973 seconds.
  path: Assets/Prefabs/Watermelon.prefab
  artifactKey: Guid(0ce11ae04baf85f4e8f297e6f2b54073) Importer(815301076,1909f56bfc062723c751e8b465ee728b)
Start importing Assets/Prefabs/Watermelon.prefab using Guid(0ce11ae04baf85f4e8f297e6f2b54073) Importer(815301076,1909f56bfc062723c751e8b465ee728b)  -> (artifact id: 'ca60021b66ca6d911a321d8e7c1439f8') in 0.031762 seconds 
========================================================================
Received Import Request.
  Time since last request: 4.613203 seconds.
  path: Assets/Prefabs/Orange.prefab
  artifactKey: Guid(34acb929022f5fc4aa879fb91e3340dc) Importer(815301076,1909f56bfc062723c751e8b465ee728b)
Start importing Assets/Prefabs/Orange.prefab using Guid(34acb929022f5fc4aa879fb91e3340dc) Importer(815301076,1909f56bfc062723c751e8b465ee728b)  -> (artifact id: '6cbecf0a292dc8e77183328120db25f6') in 0.029856 seconds 
========================================================================
Received Import Request.
  Time since last request: 2.977167 seconds.
  path: Assets/Prefabs/Orange.prefab
  artifactKey: Guid(34acb929022f5fc4aa879fb91e3340dc) Importer(815301076,1909f56bfc062723c751e8b465ee728b)
Start importing Assets/Prefabs/Orange.prefab using Guid(34acb929022f5fc4aa879fb91e3340dc) Importer(815301076,1909f56bfc062723c751e8b465ee728b)  -> (artifact id: '5d8167801fb5ead9fa4c600395ae458d') in 0.030582 seconds 
========================================================================
Received Import Request.
  Time since last request: 3.692069 seconds.
  path: Assets/Prefabs/Orange.prefab
  artifactKey: Guid(34acb929022f5fc4aa879fb91e3340dc) Importer(815301076,1909f56bfc062723c751e8b465ee728b)
Start importing Assets/Prefabs/Orange.prefab using Guid(34acb929022f5fc4aa879fb91e3340dc) Importer(815301076,1909f56bfc062723c751e8b465ee728b)  -> (artifact id: 'c5dda30c5d7afeb2516694c05e7de031') in 0.026830 seconds 
========================================================================
Received Import Request.
  Time since last request: 8.903557 seconds.
  path: Assets/Prefabs/Lemon.prefab
  artifactKey: Guid(75992d43525986647958a3c319223edf) Importer(815301076,1909f56bfc062723c751e8b465ee728b)
Start importing Assets/Prefabs/Lemon.prefab using Guid(75992d43525986647958a3c319223edf) Importer(815301076,1909f56bfc062723c751e8b465ee728b)  -> (artifact id: 'c17a8bbe09a5c1314824d14b39542d90') in 0.030440 seconds 
========================================================================
Received Import Request.
  Time since last request: 3.200018 seconds.
  path: Assets/Prefabs/Lemon.prefab
  artifactKey: Guid(75992d43525986647958a3c319223edf) Importer(815301076,1909f56bfc062723c751e8b465ee728b)
Start importing Assets/Prefabs/Lemon.prefab using Guid(75992d43525986647958a3c319223edf) Importer(815301076,1909f56bfc062723c751e8b465ee728b)  -> (artifact id: '6355e2ea78b348a8f3fb8981fa479e6f') in 0.150996 seconds 
========================================================================
Received Import Request.
  Time since last request: 4.714014 seconds.
  path: Assets/Prefabs/Lemon.prefab
  artifactKey: Guid(75992d43525986647958a3c319223edf) Importer(815301076,1909f56bfc062723c751e8b465ee728b)
Start importing Assets/Prefabs/Lemon.prefab using Guid(75992d43525986647958a3c319223edf) Importer(815301076,1909f56bfc062723c751e8b465ee728b)  -> (artifact id: 'd008eca07bf4b9ac17a68687b4652cff') in 0.026671 seconds 
========================================================================
Received Import Request.
  Time since last request: 23.037789 seconds.
  path: Assets/Prefabs/Apple.prefab
  artifactKey: Guid(479abc1a9d474524aa767b7ea76fc393) Importer(815301076,1909f56bfc062723c751e8b465ee728b)
Start importing Assets/Prefabs/Apple.prefab using Guid(479abc1a9d474524aa767b7ea76fc393) Importer(815301076,1909f56bfc062723c751e8b465ee728b)  -> (artifact id: '2c293cd1d8db240f57dbfa2476c29ddf') in 0.056611 seconds 
========================================================================
Received Import Request.
  Time since last request: 0.000027 seconds.
  path: Assets/Prefabs/Lemon.prefab
  artifactKey: Guid(75992d43525986647958a3c319223edf) Importer(815301076,1909f56bfc062723c751e8b465ee728b)
Start importing Assets/Prefabs/Lemon.prefab using Guid(75992d43525986647958a3c319223edf) Importer(815301076,1909f56bfc062723c751e8b465ee728b)  -> (artifact id: 'a15e3372fa276c4a8119323964346e10') in 0.034884 seconds 
========================================================================
Received Import Request.
  Time since last request: 0.000029 seconds.
  path: Assets/Prefabs/Orange.prefab
  artifactKey: Guid(34acb929022f5fc4aa879fb91e3340dc) Importer(815301076,1909f56bfc062723c751e8b465ee728b)
Start importing Assets/Prefabs/Orange.prefab using Guid(34acb929022f5fc4aa879fb91e3340dc) Importer(815301076,1909f56bfc062723c751e8b465ee728b)  -> (artifact id: 'ab671c6c2e50237ca083bf320db260b6') in 0.062002 seconds 
========================================================================
Received Import Request.
  Time since last request: 0.000052 seconds.
  path: Assets/Prefabs/Kiwi.prefab
  artifactKey: Guid(5a4a4404a91ab8f4cb5f0d0862bebf34) Importer(815301076,1909f56bfc062723c751e8b465ee728b)
Start importing Assets/Prefabs/Kiwi.prefab using Guid(5a4a4404a91ab8f4cb5f0d0862bebf34) Importer(815301076,1909f56bfc062723c751e8b465ee728b)  -> (artifact id: '6ff1aeedda3cf02a756c268ce54a4409') in 0.050287 seconds 
